<?xml version="1.0" encoding="UTF-8"?>
<testsuite xmlns:xsi="http://www.w3.org/2001/XMLSchema-instance" xsi:noNamespaceSchemaLocation="https://maven.apache.org/surefire/maven-surefire-plugin/xsd/surefire-test-report-3.0.xsd" version="3.0" name="com.halfbuchon.mx.authserver.AuthServerApplicationTests" time="5.949" tests="1" errors="0" skipped="0" failures="0">
  <properties>
[...]
</properties>
  <testcase name="contextLoads" classname="com.halfbuchon.mx.authserver.AuthServerApplicationTests" time="1.714">
    <system-out><![CDATA[06:13:05.668 [main] INFO org.springframework.test.context.support.AnnotationConfigContextLoaderUtils -- Could not detect default configuration classes for test class [com.halfbuchon.mx.authserver.AuthServerApplicationTests]: AuthServerApplicationTests does not declare any static, non-private, non-final, nested classes annotated with @Configuration.
06:13:05.886 [main] INFO org.springframework.boot.test.context.SpringBootTestContextBootstrapper -- Found @SpringBootConfiguration com.halfbuchon.mx.authserver.AuthServerApplication for test class com.halfbuchon.mx.authserver.AuthServerApplicationTests
06:13:06.159 [main] INFO org.springframework.boot.devtools.restart.RestartApplicationListener -- Restart disabled due to context in which it is running

  .   ____          _            __ _ _
 /\\ / ___'_ __ _ _(_)_ __  __ _ \ \ \ \
( ( )\___ | '_ | '_| | '_ \/ _` | \ \ \ \
 \\/  ___)| |_)| | | | | || (_| |  ) ) ) )
  '  |____| .__|_| |_|_| |_\__, | / / / /
 =========|_|==============|___/=/_/_/_/
 :: Spring Boot ::                (v3.2.4)

2024-04-15T06:13:06.558-07:00  INFO 1840 --- [auth-server] [           main] c.h.m.a.AuthServerApplicationTests       : Starting AuthServerApplicationTests using Java 21.0.2 with PID 1840 (started by Daniel in C:\Users\Daniel\Documents\GitHub\auth-server)
2024-04-15T06:13:06.560-07:00  INFO 1840 --- [auth-server] [           main] c.h.m.a.AuthServerApplicationTests       : No active profile set, falling back to 1 default profile: "default"
2024-04-15T06:13:09.038-07:00  INFO 1840 --- [auth-server] [           main] o.s.s.web.DefaultSecurityFilterChain     : Will secure any request with [org.springframework.security.web.session.DisableEncodeUrlFilter@40709f9, org.springframework.security.web.context.request.async.WebAsyncManagerIntegrationFilter@6b1b19cf, org.springframework.security.web.context.SecurityContextHolderFilter@2a02e34b, org.springframework.security.web.header.HeaderWriterFilter@377874b4, org.springframework.web.filter.CorsFilter@6393bf8b, org.springframework.security.web.csrf.CsrfFilter@7e15f4d4, org.springframework.security.web.authentication.logout.LogoutFilter@67770b37, org.springframework.security.web.authentication.UsernamePasswordAuthenticationFilter@4d7a64ca, org.springframework.security.web.authentication.ui.DefaultLoginPageGeneratingFilter@306c7bf6, org.springframework.security.web.authentication.ui.DefaultLogoutPageGeneratingFilter@76d7881e, org.springframework.security.web.authentication.www.BasicAuthenticationFilter@25a94b55, org.springframework.security.web.savedrequest.RequestCacheAwareFilter@5b000fe6, org.springframework.security.web.servletapi.SecurityContextHolderAwareRequestFilter@4751e8b9, org.springframework.security.web.authentication.AnonymousAuthenticationFilter@4aa31ffc, org.springframework.security.web.access.ExceptionTranslationFilter@707e4fe4, org.springframework.security.web.access.intercept.AuthorizationFilter@4bc59b27]
2024-04-15T06:13:09.567-07:00  INFO 1840 --- [auth-server] [           main] c.h.m.a.AuthServerApplicationTests       : Started AuthServerApplicationTests in 3.431 seconds (process running for 4.962)
]]></system-out>
    <system-err><![CDATA[WARNING: A Java agent has been loaded dynamically (C:\Users\Daniel\.m2\repository\net\bytebuddy\byte-buddy-agent\1.14.12\byte-buddy-agent-1.14.12.jar)
WARNING: If a serviceability tool is in use, please run with -XX:+EnableDynamicAgentLoading to hide this warning
WARNING: If a serviceability tool is not in use, please run with -Djdk.instrument.traceUsage for more information
WARNING: Dynamic loading of agents will be disallowed by default in a future release
]]></system-err>
  </testcase>
</testsuite>